<?xml version="1.0" encoding="UTF-8"?>
<!-- Generated by org.testng.reporters.JUnitReportReporter -->
<testsuite hostname="Khaled" failures="0" tests="2" name="tests.UserCanPurchaseProduct" time="5.316" errors="0" timestamp="2024-09-20T04:01:03 EEST" skipped="0">
  <testcase classname="tests.UserCanPurchaseProduct" name="UserCanLoginSuccssfully" time="1.508"/>
  <testcase classname="tests.UserCanPurchaseProduct" name="UserCanAddProductToShoppingCart" time="3.808"/>
</testsuite> <!-- tests.UserCanPurchaseProduct -->
