<?xml version="1.0" encoding="UTF-8"?>
<!-- Generated by org.testng.reporters.JUnitReportReporter -->
<testsuite hostname="Khaled" failures="0" tests="1" name="tests.SearchProductUsingAutoSuggestTest" time="0.000" errors="0" timestamp="2024-09-19T22:19:57 EEST" skipped="0">
  <testcase classname="tests.SearchProductUsingAutoSuggestTest" name="UserCanSearchWithAutoSuggest" time="0.000"/>
</testsuite> <!-- tests.SearchProductUsingAutoSuggestTest -->
