<?xml version="1.0" encoding="UTF-8"?>
<!-- Generated by org.testng.reporters.JUnitReportReporter -->
<testsuite hostname="Khaled" failures="0" tests="2" name="tests.UserCanPurchaseProduct" time="5.436" errors="0" timestamp="2024-09-20T14:40:08 EEST" skipped="0">
  <testcase classname="tests.UserCanPurchaseProduct" name="UserCanLoginSuccessfully" time="1.556"/>
  <testcase classname="tests.UserCanPurchaseProduct" name="UserCanAddProductToShoppingCart" time="3.880"/>
</testsuite> <!-- tests.UserCanPurchaseProduct -->
