<?xml version="1.0" encoding="UTF-8"?>
<!-- Generated by org.testng.reporters.JUnitReportReporter -->
<testsuite hostname="Khaled" failures="0" tests="2" name="tests.UserCanPurchaseProduct" time="5.349" errors="0" timestamp="2024-09-20T16:41:42 EEST" skipped="0">
  <testcase classname="tests.UserCanPurchaseProduct" name="UserCanLoginSuccessfully" time="1.453"/>
  <testcase classname="tests.UserCanPurchaseProduct" name="UserCanAddProductToShoppingCart" time="3.896"/>
</testsuite> <!-- tests.UserCanPurchaseProduct -->
